[debug] [2025-08-05T17:01:48.876Z] ----------------------------------------------------------------------
[debug] [2025-08-05T17:01:48.881Z] Command:       /usr/local/bin/node /usr/local/bin/firebase use --add
[debug] [2025-08-05T17:01:48.882Z] CLI Version:   14.7.0
[debug] [2025-08-05T17:01:48.882Z] Platform:      darwin
[debug] [2025-08-05T17:01:48.882Z] Node Version:  v22.13.1
[debug] [2025-08-05T17:01:48.882Z] Time:          Tue Aug 05 2025 18:01:48 GMT+0100 (British Summer Time)
[debug] [2025-08-05T17:01:48.882Z] ----------------------------------------------------------------------
[debug] 
[debug] [2025-08-05T17:01:48.990Z] > command requires scopes: ["email","openid","https://www.googleapis.com/auth/cloudplatformprojects.readonly","https://www.googleapis.com/auth/firebase","https://www.googleapis.com/auth/cloud-platform"]
[debug] [2025-08-05T17:01:48.991Z] > authorizing via signed-in user (kirky29@gmail.com)
[debug] [2025-08-05T17:01:48.991Z] Checked if tokens are valid: true, expires at: 1754416813722
[debug] [2025-08-05T17:01:48.991Z] Checked if tokens are valid: true, expires at: 1754416813722
[debug] [2025-08-05T17:01:48.992Z] >>> [apiv2][query] GET https://firebase.googleapis.com/v1beta1/projects pageSize=1000
[debug] [2025-08-05T17:01:49.445Z] <<< [apiv2][status] GET https://firebase.googleapis.com/v1beta1/projects 200
[debug] [2025-08-05T17:01:49.446Z] <<< [apiv2][body] GET https://firebase.googleapis.com/v1beta1/projects [omitted]
[debug] [2025-08-05T17:31:01.240Z] ExitPromptError: User force closed the prompt with SIGINT
    at Interface.sigint (/usr/local/lib/node_modules/firebase-tools/node_modules/@inquirer/core/dist/commonjs/lib/create-prompt.js:101:37)
    at Interface.emit (node:events:524:28)
    at Interface.emit (node:domain:489:12)
    at [_ttyWrite] [as _ttyWrite] (node:internal/readline/interface:1124:18)
    at ReadStream.onkeypress (node:internal/readline/interface:263:20)
    at ReadStream.emit (node:events:536:35)
    at ReadStream.emit (node:domain:489:12)
    at emitKeys (node:internal/readline/utils:370:14)
    at emitKeys.next (<anonymous>)
    at ReadStream.onData (node:internal/readline/emitKeypressEvents:64:36)
[error] 
[error] Error: An unexpected error has occurred.
[debug] [2025-08-05T17:31:17.236Z] ----------------------------------------------------------------------
[debug] [2025-08-05T17:31:17.242Z] Command:       /usr/local/bin/node /usr/local/bin/firebase init emulators --project demo-project
[debug] [2025-08-05T17:31:17.242Z] CLI Version:   14.7.0
[debug] [2025-08-05T17:31:17.242Z] Platform:      darwin
[debug] [2025-08-05T17:31:17.242Z] Node Version:  v22.13.1
[debug] [2025-08-05T17:31:17.242Z] Time:          Tue Aug 05 2025 18:31:17 GMT+0100 (British Summer Time)
[debug] [2025-08-05T17:31:17.242Z] ----------------------------------------------------------------------
[debug] 
[debug] [2025-08-05T17:31:17.356Z] > command requires scopes: ["email","openid","https://www.googleapis.com/auth/cloudplatformprojects.readonly","https://www.googleapis.com/auth/firebase","https://www.googleapis.com/auth/cloud-platform"]
[debug] [2025-08-05T17:31:17.356Z] > authorizing via signed-in user (kirky29@gmail.com)
[info] 
     ######## #### ########  ######## ########     ###     ######  ########
     ##        ##  ##     ## ##       ##     ##  ##   ##  ##       ##
     ######    ##  ########  ######   ########  #########  ######  ######
     ##        ##  ##    ##  ##       ##     ## ##     ##       ## ##
     ##       #### ##     ## ######## ########  ##     ##  ######  ########

You're about to initialize a Firebase project in this directory:

  /Users/Kirk/Desktop/Web Apps/Animal Manager App/Animal Manager App

Before we get started, keep in mind:

  * You are initializing within an existing Firebase project directory

[info] 
=== Project Setup
[info] 
[info] First, let's associate this project directory with a Firebase project.
[info] You can create multiple project aliases by running firebase use --add, 
[info] but for now we'll just set up a default project.
[info] 
[debug] [2025-08-05T17:31:17.357Z] Using project from CLI flag: demo-project
[debug] [2025-08-05T17:31:17.357Z] Checked if tokens are valid: true, expires at: 1754416813722
[debug] [2025-08-05T17:31:17.357Z] Checked if tokens are valid: true, expires at: 1754416813722
[debug] [2025-08-05T17:31:17.358Z] >>> [apiv2][query] GET https://firebase.googleapis.com/v1beta1/projects/demo-project [none]
[debug] [2025-08-05T17:31:17.731Z] <<< [apiv2][status] GET https://firebase.googleapis.com/v1beta1/projects/demo-project 403
[debug] [2025-08-05T17:31:17.731Z] <<< [apiv2][body] GET https://firebase.googleapis.com/v1beta1/projects/demo-project {"error":{"code":403,"message":"The caller does not have permission","status":"PERMISSION_DENIED"}}
[debug] [2025-08-05T17:31:17.732Z] Request to https://firebase.googleapis.com/v1beta1/projects/demo-project had HTTP Error: 403, The caller does not have permission
[debug] [2025-08-05T17:31:17.799Z] FirebaseError: Request to https://firebase.googleapis.com/v1beta1/projects/demo-project had HTTP Error: 403, The caller does not have permission
    at responseToError (/usr/local/lib/node_modules/firebase-tools/lib/responseToError.js:52:12)
    at RetryOperation._fn (/usr/local/lib/node_modules/firebase-tools/lib/apiv2.js:312:77)
    at process.processTicksAndRejections (node:internal/process/task_queues:105:5)
[error] 
[error] Error: Failed to get Firebase project demo-project. Please make sure the project exists and your account has permission to access it.
